<?xml version="1.0" encoding="UTF-8"?>
<testsuites>
    <testsuite name="JaztecAcl tests" tests="5" assertions="9" failures="0" errors="0" time="0.104866">
        <testsuite name="JaztecAclTest\Service\AclTest" file="/home/jasper/Projects/Jaztec/vendor/JaztecAcl/tests/JaztecAclTest/Acl/AclTest.php" namespace="JaztecAclTest\Service" fullPackage="JaztecAclTest.Service" tests="2" assertions="4" failures="0" errors="0" time="0.046607">
            <testcase name="testControlList" class="JaztecAclTest\Service\AclTest" file="/home/jasper/Projects/Jaztec/vendor/JaztecAcl/tests/JaztecAclTest/Acl/AclTest.php" line="30" assertions="3" time="0.045822"/>
            <testcase name="testLoaded" class="JaztecAclTest\Service\AclTest" file="/home/jasper/Projects/Jaztec/vendor/JaztecAcl/tests/JaztecAclTest/Acl/AclTest.php" line="47" assertions="1" time="0.000785"/>
        </testsuite>
        <testsuite name="JaztecAclTest\Controller\AuthorizedControllerTest" file="/home/jasper/Projects/Jaztec/vendor/JaztecAcl/tests/JaztecAclTest/Controller/AuthorizedControllerTest.php" namespace="JaztecAclTest\Controller" fullPackage="JaztecAclTest.Controller" tests="1" assertions="1" failures="0" errors="0" time="0.054396">
            <testcase name="testCheckAcl" class="JaztecAclTest\Controller\AuthorizedControllerTest" file="/home/jasper/Projects/Jaztec/vendor/JaztecAcl/tests/JaztecAclTest/Controller/AuthorizedControllerTest.php" line="61" assertions="1" time="0.054396"/>
        </testsuite>
        <testsuite name="JaztecAclTest\Controller\AuthorizedDirectObjectTest" file="/home/jasper/Projects/Jaztec/vendor/JaztecAcl/tests/JaztecAclTest/Direct/AuthorizedDirectObjectTest.php" namespace="JaztecAclTest\Controller" fullPackage="JaztecAclTest.Controller" tests="1" assertions="3" failures="0" errors="0" time="0.002327">
            <testcase name="testNotAllowedResponse" class="JaztecAclTest\Controller\AuthorizedDirectObjectTest" file="/home/jasper/Projects/Jaztec/vendor/JaztecAcl/tests/JaztecAclTest/Direct/AuthorizedDirectObjectTest.php" line="24" assertions="3" time="0.002327"/>
        </testsuite>
        <testsuite name="JaztecAclTest\Service\AclServiceTest" file="/home/jasper/Projects/Jaztec/vendor/JaztecAcl/tests/JaztecAclTest/Service/AclServiceTest.php" namespace="JaztecAclTest\Service" fullPackage="JaztecAclTest.Service" tests="1" assertions="1" failures="0" errors="0" time="0.001536">
            <testcase name="testAclClass" class="JaztecAclTest\Service\AclServiceTest" file="/home/jasper/Projects/Jaztec/vendor/JaztecAcl/tests/JaztecAclTest/Service/AclServiceTest.php" line="30" assertions="1" time="0.001536"/>
        </testsuite>
    </testsuite>
</testsuites>
